Build started 02-05-2023 13:09:47.
     1>Project "D:\Lectures\Sem7\Speech\Grp_23\Grp_23\HMM_DIGIT\HMM_DIGIT.vcxproj" on node 2 (build target(s)).
     1>InitializeBuildStatus:
         Creating "Debug\HMM_DIGIT.unsuccessfulbuild" because "AlwaysCreate" was specified.
       ClCompile:
         All outputs are up-to-date.
         C:\Program Files (x86)\Microsoft Visual Studio 10.0\VC\bin\CL.exe /c /ZI /nologo /W3 /WX- /Od /Oy- /D WIN32 /D _DEBUG /D _CONSOLE /D _UNICODE /D UNICODE /Gm /EHsc /RTC1 /MDd /GS /fp:precise /Zc:wchar_t /Zc:forScope /Yu"StdAfx.h" /Fp"Debug\HMM_DIGIT.pch" /Fo"Debug\\" /Fd"Debug\vc100.pdb" /Gd /TP /analyze- /errorReport:prompt HMM_DIGIT.cpp
         HMM_DIGIT.cpp
     1>d:\lectures\sem7\speech\grp_23\grp_23\hmm_digit\hmm_digit.cpp(268): warning C4101: 'index' : unreferenced local variable
     1>d:\lectures\sem7\speech\grp_23\grp_23\hmm_digit\hmm_digit.cpp(474): warning C4996: 'sprintf': This function or variable may be unsafe. Consider using sprintf_s instead. To disable deprecation, use _CRT_SECURE_NO_WARNINGS. See online help for details.
                 c:\program files (x86)\microsoft visual studio 10.0\vc\include\stdio.h(371) : see declaration of 'sprintf'
     1>d:\lectures\sem7\speech\grp_23\grp_23\hmm_digit\hmm_digit.cpp(476): warning C4996: 'sprintf': This function or variable may be unsafe. Consider using sprintf_s instead. To disable deprecation, use _CRT_SECURE_NO_WARNINGS. See online help for details.
                 c:\program files (x86)\microsoft visual studio 10.0\vc\include\stdio.h(371) : see declaration of 'sprintf'
     1>d:\lectures\sem7\speech\grp_23\grp_23\hmm_digit\hmm_digit.cpp(478): warning C4996: 'sprintf': This function or variable may be unsafe. Consider using sprintf_s instead. To disable deprecation, use _CRT_SECURE_NO_WARNINGS. See online help for details.
                 c:\program files (x86)\microsoft visual studio 10.0\vc\include\stdio.h(371) : see declaration of 'sprintf'
     1>d:\lectures\sem7\speech\grp_23\grp_23\hmm_digit\hmm_digit.cpp(487): warning C4996: 'sprintf': This function or variable may be unsafe. Consider using sprintf_s instead. To disable deprecation, use _CRT_SECURE_NO_WARNINGS. See online help for details.
                 c:\program files (x86)\microsoft visual studio 10.0\vc\include\stdio.h(371) : see declaration of 'sprintf'
     1>d:\lectures\sem7\speech\grp_23\grp_23\hmm_digit\hmm_digit.cpp(488): warning C4996: 'sprintf': This function or variable may be unsafe. Consider using sprintf_s instead. To disable deprecation, use _CRT_SECURE_NO_WARNINGS. See online help for details.
                 c:\program files (x86)\microsoft visual studio 10.0\vc\include\stdio.h(371) : see declaration of 'sprintf'
     1>d:\lectures\sem7\speech\grp_23\grp_23\hmm_digit\hmm_digit.cpp(489): warning C4996: 'sprintf': This function or variable may be unsafe. Consider using sprintf_s instead. To disable deprecation, use _CRT_SECURE_NO_WARNINGS. See online help for details.
                 c:\program files (x86)\microsoft visual studio 10.0\vc\include\stdio.h(371) : see declaration of 'sprintf'
     1>d:\lectures\sem7\speech\grp_23\grp_23\hmm_digit\hmm_digit.cpp(485): warning C4101: 'obs_file' : unreferenced local variable
     1>d:\lectures\sem7\speech\grp_23\grp_23\hmm_digit\hmm_digit.cpp(541): warning C4996: 'sprintf': This function or variable may be unsafe. Consider using sprintf_s instead. To disable deprecation, use _CRT_SECURE_NO_WARNINGS. See online help for details.
                 c:\program files (x86)\microsoft visual studio 10.0\vc\include\stdio.h(371) : see declaration of 'sprintf'
     1>d:\lectures\sem7\speech\grp_23\grp_23\hmm_digit\hmm_digit.cpp(542): warning C4996: 'fopen': This function or variable may be unsafe. Consider using fopen_s instead. To disable deprecation, use _CRT_SECURE_NO_WARNINGS. See online help for details.
                 c:\program files (x86)\microsoft visual studio 10.0\vc\include\stdio.h(234) : see declaration of 'fopen'
     1>d:\lectures\sem7\speech\grp_23\grp_23\hmm_digit\hmm_digit.cpp(548): warning C4996: 'sprintf': This function or variable may be unsafe. Consider using sprintf_s instead. To disable deprecation, use _CRT_SECURE_NO_WARNINGS. See online help for details.
                 c:\program files (x86)\microsoft visual studio 10.0\vc\include\stdio.h(371) : see declaration of 'sprintf'
     1>d:\lectures\sem7\speech\grp_23\grp_23\hmm_digit\hmm_digit.cpp(549): warning C4996: 'fopen': This function or variable may be unsafe. Consider using fopen_s instead. To disable deprecation, use _CRT_SECURE_NO_WARNINGS. See online help for details.
                 c:\program files (x86)\microsoft visual studio 10.0\vc\include\stdio.h(234) : see declaration of 'fopen'
     1>d:\lectures\sem7\speech\grp_23\grp_23\hmm_digit\hmm_digit.cpp(558): warning C4996: 'sprintf': This function or variable may be unsafe. Consider using sprintf_s instead. To disable deprecation, use _CRT_SECURE_NO_WARNINGS. See online help for details.
                 c:\program files (x86)\microsoft visual studio 10.0\vc\include\stdio.h(371) : see declaration of 'sprintf'
     1>d:\lectures\sem7\speech\grp_23\grp_23\hmm_digit\hmm_digit.cpp(539): warning C4101: 'ind' : unreferenced local variable
     1>d:\lectures\sem7\speech\grp_23\grp_23\hmm_digit\hmm_digit.cpp(579): warning C4996: 'fopen': This function or variable may be unsafe. Consider using fopen_s instead. To disable deprecation, use _CRT_SECURE_NO_WARNINGS. See online help for details.
                 c:\program files (x86)\microsoft visual studio 10.0\vc\include\stdio.h(234) : see declaration of 'fopen'
     1>d:\lectures\sem7\speech\grp_23\grp_23\hmm_digit\hmm_digit.cpp(581): warning C4996: 'fopen': This function or variable may be unsafe. Consider using fopen_s instead. To disable deprecation, use _CRT_SECURE_NO_WARNINGS. See online help for details.
                 c:\program files (x86)\microsoft visual studio 10.0\vc\include\stdio.h(234) : see declaration of 'fopen'
     1>d:\lectures\sem7\speech\grp_23\grp_23\hmm_digit\hmm_digit.cpp(618): warning C4996: 'fopen': This function or variable may be unsafe. Consider using fopen_s instead. To disable deprecation, use _CRT_SECURE_NO_WARNINGS. See online help for details.
                 c:\program files (x86)\microsoft visual studio 10.0\vc\include\stdio.h(234) : see declaration of 'fopen'
     1>d:\lectures\sem7\speech\grp_23\grp_23\hmm_digit\hmm_digit.cpp(803): warning C4996: 'sprintf': This function or variable may be unsafe. Consider using sprintf_s instead. To disable deprecation, use _CRT_SECURE_NO_WARNINGS. See online help for details.
                 c:\program files (x86)\microsoft visual studio 10.0\vc\include\stdio.h(371) : see declaration of 'sprintf'
     1>d:\lectures\sem7\speech\grp_23\grp_23\hmm_digit\hmm_digit.cpp(805): warning C4996: 'fopen': This function or variable may be unsafe. Consider using fopen_s instead. To disable deprecation, use _CRT_SECURE_NO_WARNINGS. See online help for details.
                 c:\program files (x86)\microsoft visual studio 10.0\vc\include\stdio.h(234) : see declaration of 'fopen'
     1>d:\lectures\sem7\speech\grp_23\grp_23\hmm_digit\hmm_digit.cpp(815): warning C4244: 'initializing' : conversion from 'double' to 'int', possible loss of data
     1>d:\lectures\sem7\speech\grp_23\grp_23\hmm_digit\hmm_digit.cpp(817): warning C4244: '=' : conversion from 'double' to 'long', possible loss of data
     1>d:\lectures\sem7\speech\grp_23\grp_23\hmm_digit\hmm_digit.cpp(865): warning C4996: 'fopen': This function or variable may be unsafe. Consider using fopen_s instead. To disable deprecation, use _CRT_SECURE_NO_WARNINGS. See online help for details.
                 c:\program files (x86)\microsoft visual studio 10.0\vc\include\stdio.h(234) : see declaration of 'fopen'
     1>d:\lectures\sem7\speech\grp_23\grp_23\hmm_digit\hmm_digit.cpp(878): warning C4244: 'initializing' : conversion from 'double' to 'int', possible loss of data
     1>d:\lectures\sem7\speech\grp_23\grp_23\hmm_digit\hmm_digit.cpp(880): warning C4244: '=' : conversion from 'double' to 'long', possible loss of data
     1>d:\lectures\sem7\speech\grp_23\grp_23\hmm_digit\hmm_digit.cpp(858): warning C4101: 'obs_file' : unreferenced local variable
     1>d:\lectures\sem7\speech\grp_23\grp_23\hmm_digit\hmm_digit.cpp(905): warning C4996: 'sprintf': This function or variable may be unsafe. Consider using sprintf_s instead. To disable deprecation, use _CRT_SECURE_NO_WARNINGS. See online help for details.
                 c:\program files (x86)\microsoft visual studio 10.0\vc\include\stdio.h(371) : see declaration of 'sprintf'
     1>d:\lectures\sem7\speech\grp_23\grp_23\hmm_digit\hmm_digit.cpp(908): warning C4996: 'fopen': This function or variable may be unsafe. Consider using fopen_s instead. To disable deprecation, use _CRT_SECURE_NO_WARNINGS. See online help for details.
                 c:\program files (x86)\microsoft visual studio 10.0\vc\include\stdio.h(234) : see declaration of 'fopen'
     1>d:\lectures\sem7\speech\grp_23\grp_23\hmm_digit\hmm_digit.cpp(919): warning C4244: 'initializing' : conversion from 'double' to 'int', possible loss of data
     1>d:\lectures\sem7\speech\grp_23\grp_23\hmm_digit\hmm_digit.cpp(921): warning C4244: '=' : conversion from 'double' to 'long', possible loss of data
       ManifestResourceCompile:
         All outputs are up-to-date.
       Link:
         C:\Program Files (x86)\Microsoft Visual Studio 10.0\VC\bin\link.exe /ERRORREPORT:PROMPT /OUT:"D:\Lectures\Sem7\Speech\Grp_23\Grp_23\Debug\HMM_DIGIT.exe" /INCREMENTAL /NOLOGO Winmm.lib kernel32.lib user32.lib gdi32.lib winspool.lib comdlg32.lib advapi32.lib shell32.lib ole32.lib oleaut32.lib uuid.lib odbc32.lib odbccp32.lib /MANIFEST /ManifestFile:"Debug\HMM_DIGIT.exe.intermediate.manifest" /MANIFESTUAC:"level='asInvoker' uiAccess='false'" /DEBUG /PDB:"D:\Lectures\Sem7\Speech\Grp_23\Grp_23\Debug\HMM_DIGIT.pdb" /SUBSYSTEM:CONSOLE /TLBID:1 /DYNAMICBASE /NXCOMPAT /IMPLIB:"D:\Lectures\Sem7\Speech\Grp_23\Grp_23\Debug\HMM_DIGIT.lib" /MACHINE:X86 Debug\HMM_DIGIT.exe.embed.manifest.res
         Debug\HMM_DIGIT.obj
         Debug\stdafx.obj
       Manifest:
         C:\Program Files (x86)\Microsoft SDKs\Windows\v7.0A\bin\mt.exe /nologo /verbose /out:"Debug\HMM_DIGIT.exe.embed.manifest" /manifest Debug\HMM_DIGIT.exe.intermediate.manifest
         All outputs are up-to-date.
       LinkEmbedManifest:
         All outputs are up-to-date.
         HMM_DIGIT.vcxproj -> D:\Lectures\Sem7\Speech\Grp_23\Grp_23\Debug\HMM_DIGIT.exe
       FinalizeBuildStatus:
         Deleting file "Debug\HMM_DIGIT.unsuccessfulbuild".
         Touching "Debug\HMM_DIGIT.lastbuildstate".
     1>Done Building Project "D:\Lectures\Sem7\Speech\Grp_23\Grp_23\HMM_DIGIT\HMM_DIGIT.vcxproj" (build target(s)).

Build succeeded.

Time Elapsed 00:00:01.50
